#
# A fatal error has been detected by the Java Runtime Environment:
#
#  EXCEPTION_ACCESS_VIOLATION (0xc0000005) at pc=0x00007fff8fd56a87, pid=12440, tid=17064
#
# JRE version: Java(TM) SE Runtime Environment (18.0+36) (build 18+36-2087)
# Java VM: Java HotSpot(TM) 64-Bit Server VM (18+36-2087, mixed mode, sharing, tiered, compressed oops, compressed class ptrs, g1 gc, windows-amd64)
# Problematic frame:
# C  [glass.dll+0x26a87]
#
# No core dump will be written. Minidumps are not enabled by default on client versions of Windows
#
# If you would like to submit a bug report, please visit:
#   https://bugreport.java.com/bugreport/crash.jsp
#

---------------  S U M M A R Y ------------

Command Line: -javaagent:C:\Program Files\JetBrains\IntelliJ IDEA Community Edition 2021.3.2\lib\idea_rt.jar=51545:C:\Program Files\JetBrains\IntelliJ IDEA Community Edition 2021.3.2\bin -Dfile.encoding=UTF-8 --module-path=C:\Users\marin\.m2\repository\org\openjfx\javafx-controls\18-ea+6\javafx-controls-18-ea+6-win.jar;D:\lab\lab5\Phone\target\classes;C:\Users\marin\.m2\repository\org\kordamp\bootstrapfx\bootstrapfx-core\0.4.0\bootstrapfx-core-0.4.0.jar;C:\Users\marin\.m2\repository\net\synedra\validatorfx\0.1.13\validatorfx-0.1.13.jar;C:\Users\marin\.m2\repository\com\dlsc\formsfx\formsfx-core\11.3.2\formsfx-core-11.3.2.jar;C:\Users\marin\.m2\repository\com\google\code\gson\gson\2.9.0\gson-2.9.0.jar;C:\Users\marin\.m2\repository\org\openjfx\javafx-web\18-ea+6\javafx-web-18-ea+6-win.jar;C:\Users\marin\.m2\repository\org\controlsfx\controlsfx\11.1.0\controlsfx-11.1.0.jar;C:\Users\marin\.m2\repository\org\openjfx\javafx-fxml\18-ea+6\javafx-fxml-18-ea+6-win.jar;C:\Users\marin\.m2\repository\org\kordamp\ikonli\ikonli-core\12.2.0\ikonli-core-12.2.0.jar;C:\Users\marin\.m2\repository\org\openjfx\javafx-graphics\18-ea+6\javafx-graphics-18-ea+6-win.jar;C:\Users\marin\.m2\repository\org\openjfx\javafx-base\18-ea+6\javafx-base-18-ea+6-win.jar;C:\Users\marin\.m2\repository\org\kordamp\ikonli\ikonli-javafx\12.2.0\ikonli-javafx-12.2.0.jar;C:\Users\marin\.m2\repository\eu\hansolo\tilesfx\11.48\tilesfx-11.48.jar;C:\Users\marin\.m2\repository\org\openjfx\javafx-media\18-ea+6\javafx-media-18-ea+6-win.jar;D:\lab\lab5\ClientJavaFx\target\classes -Djdk.module.main=lab5.demchuk.client.clientjavafx lab5.demchuk.client.clientjavafx/lab5.demchuk.client.clientjavafx.clientveb.ClientView

Host: AMD Ryzen 5 3500U with Radeon Vega Mobile Gfx  , 8 cores, 6G,  Windows 10 , 64 bit Build 19041 (10.0.19041.1706)
Time: Fri Jun 24 21:06:31 2022  Windows 10 , 64 bit Build 19041 (10.0.19041.1706) elapsed time: 16.674399 seconds (0d 0h 0m 16s)

---------------  T H R E A D  ---------------

Current thread (0x0000024c62033550):  VMThread "VM Thread" [stack: 0x0000008fbb500000,0x0000008fbb600000] [id=17064]

Stack: [0x0000008fbb500000,0x0000008fbb600000],  sp=0x0000008fbb5ff050,  free space=1020k
Native frames: (J=compiled Java code, j=interpreted, Vv=VM code, C=native code)
C  [glass.dll+0x26a87]


siginfo: EXCEPTION_ACCESS_VIOLATION (0xc0000005), reading address 0x0000000000000000


Register to memory mapping:

RIP=0x00007fff8fd56a87 glass.dll
RAX=0x0 is NULL
RBX=0x0000024c6203b3e0 is a global jni handle
RCX=0x0000024c62033550 points into unknown readable memory: 0x00007fff6026edc8 | c8 ed 26 60 ff 7f 00 00
RDX=0x0000008fbb5ff050 points into unknown readable memory: 0x0000000000000000 | 00 00 00 00 00 00 00 00
RSP=0x0000008fbb5ff050 points into unknown readable memory: 0x0000000000000000 | 00 00 00 00 00 00 00 00
RBP=0x0000024c66d20868 points into unknown readable memory: 0x00002d0c480a8c0a | 0a 8c 0a 48 0c 2d 00 00
RSI=0x0000024c66d20840 points into unknown readable memory: 0x01ffd3331cf33c0a | 0a 3c f3 1c 33 d3 ff 01
RDI=0x00002d0c480a8c0a is an unknown value
R8 =0x0000000000010002 is an unknown value
R9 =0x00002d0c480a8c0a is an unknown value
R10=0x0000000000008000 is an unknown value
R11=0x0000008fbb5fefe0 points into unknown readable memory: 0x0000024c66d20840 | 40 08 d2 66 4c 02 00 00
R12=0x00007fff8fd54354 glass.dll
R13=0x00007fff60430b40 jvm.dll
R14=0x0000008fbb5ff148 points into unknown readable memory: 0x0000008fbb5ff130 | 30 f1 5f bb 8f 00 00 00
R15=0x0000024c66d20840 points into unknown readable memory: 0x01ffd3331cf33c0a | 0a 3c f3 1c 33 d3 ff 01


Registers:
RAX=0x0000000000000000, RBX=0x0000024c6203b3e0, RCX=0x0000024c62033550, RDX=0x0000008fbb5ff050
RSP=0x0000008fbb5ff050, RBP=0x0000024c66d20868, RSI=0x0000024c66d20840, RDI=0x00002d0c480a8c0a
R8 =0x0000000000010002, R9 =0x00002d0c480a8c0a, R10=0x0000000000008000, R11=0x0000008fbb5fefe0
R12=0x00007fff8fd54354, R13=0x00007fff60430b40, R14=0x0000008fbb5ff148, R15=0x0000024c66d20840
RIP=0x00007fff8fd56a87, EFLAGS=0x0000000000010206

Top of Stack: (sp=0x0000008fbb5ff050)
0x0000008fbb5ff050:   0000000000000000 0000024c66d20840
0x0000008fbb5ff060:   00007fff60430b40 00007fff8fd54354
0x0000008fbb5ff070:   0000024c66d20848 00007fffaf5f42d6
0x0000008fbb5ff080:   00002d0c480a8c0a 0000024c00000000
0x0000008fbb5ff090:   0000024c66d20868 0000024c66d20840
0x0000008fbb5ff0a0:   fffffffffffffffe 0000000000000000
0x0000008fbb5ff0b0:   0000000000000001 00007fff8fd30000
0x0000008fbb5ff0c0:   0000008fbb5ff138 00007fffaf5f41fb
0x0000008fbb5ff0d0:   0000000000000000 0000008fbb5ff148
0x0000008fbb5ff0e0:   0000008fbb5ff410 00007fffaf6d0e40
0x0000008fbb5ff0f0:   0000000000000001 00007fffaf5f41b4
0x0000008fbb5ff100:   0000000000000000 0000000000000001
0x0000008fbb5ff110:   0000000000000000 0000008fbb5ff138
0x0000008fbb5ff120:   0000000000000001 00007fff8fd541e1
0x0000008fbb5ff130:   00007fff8fd6a138 00007fff00000002
0x0000008fbb5ff140:   0000000000000002 0000008fbb5ff130 

Instructions: (pc=0x00007fff8fd56a87)
0x00007fff8fd56987:   8b 4d 58 e8 01 cf ff ff 48 8b 4d 60 e8 f8 ce ff
0x00007fff8fd56997:   ff 48 8b 95 80 00 00 00 48 8b 8d 18 01 00 00 e8
0x00007fff8fd569a7:   c6 c3 ff ff 33 d2 33 c9 e8 3c e1 ff ff 90 48 89
0x00007fff8fd569b7:   54 24 10 55 48 83 ec 20 48 8b ea 48 b8 00 00 00
0x00007fff8fd569c7:   00 00 00 00 00 48 83 c4 20 5d c3 cc 40 55 48 8b
0x00007fff8fd569d7:   ea 48 8b 01 33 c9 81 38 05 00 00 c0 0f 94 c1 8b
0x00007fff8fd569e7:   c1 5d c3 cc 40 55 48 83 ec 20 48 8b ea 8a 4d 40
0x00007fff8fd569f7:   48 83 c4 20 5d e9 f7 d2 ff ff cc 40 55 48 83 ec
0x00007fff8fd56a07:   20 48 8b ea 8a 4d 20 e8 e5 d2 ff ff 90 48 83 c4
0x00007fff8fd56a17:   20 5d c3 cc 40 55 48 83 ec 20 48 8b ea 48 83 c4
0x00007fff8fd56a27:   20 5d e9 46 d1 ff ff cc 40 55 48 83 ec 30 48 8b
0x00007fff8fd56a37:   ea 48 8b 01 8b 10 48 89 4c 24 28 89 54 24 20 4c
0x00007fff8fd56a47:   8d 0d e7 d5 ff ff 4c 8b 45 70 8b 55 68 48 8b 4d
0x00007fff8fd56a57:   60 e8 87 d0 ff ff 90 48 83 c4 30 5d c3 cc cc cc
0x00007fff8fd56a67:   cc cc cc cc cc cc cc cc cc 40 53 48 83 ec 20 48
0x00007fff8fd56a77:   8b 1d b3 30 01 00 48 85 db 74 16 e8 09 8b ff ff
0x00007fff8fd56a87:   4c 8b 00 48 8b d3 48 8b c8 41 ff 90 b0 00 00 00
0x00007fff8fd56a97:   90 48 83 c4 20 5b c3 cc cc 40 53 48 83 ec 20 48
0x00007fff8fd56aa7:   8b 1d 2b 32 01 00 48 85 db 74 57 b8 ff ff ff ff
0x00007fff8fd56ab7:   f0 0f c1 43 10 83 f8 01 75 3d 48 85 db 74 38 48
0x00007fff8fd56ac7:   8b 0b 48 85 c9 74 0d ff 15 d4 07 00 00 48 c7 03
0x00007fff8fd56ad7:   00 00 00 00 48 8b 4b 08 48 85 c9 74 0d e8 a7 cd
0x00007fff8fd56ae7:   ff ff 48 c7 43 08 00 00 00 00 ba 18 00 00 00 48
0x00007fff8fd56af7:   8b cb e8 92 cd ff ff 48 c7 05 cf 31 01 00 00 00
0x00007fff8fd56b07:   00 00 48 83 c4 20 5b c3 cc 40 53 48 83 ec 20 48
0x00007fff8fd56b17:   8b 1d 9b 31 01 00 48 85 db 74 57 b8 ff ff ff ff
0x00007fff8fd56b27:   f0 0f c1 43 10 83 f8 01 75 3d 48 85 db 74 38 48
0x00007fff8fd56b37:   8b 0b 48 85 c9 74 0d ff 15 64 07 00 00 48 c7 03
0x00007fff8fd56b47:   00 00 00 00 48 8b 4b 08 48 85 c9 74 0d e8 37 cd
0x00007fff8fd56b57:   ff ff 48 c7 43 08 00 00 00 00 ba 18 00 00 00 48
0x00007fff8fd56b67:   8b cb e8 22 cd ff ff 48 c7 05 3f 31 01 00 00 00
0x00007fff8fd56b77:   00 00 48 83 c4 20 5b c3 cc 40 53 48 83 ec 20 48 


Stack slot to memory mapping:
stack at sp + 0 slots: 0x0 is NULL
stack at sp + 1 slots: 0x0000024c66d20840 points into unknown readable memory: 0x01ffd3331cf33c0a | 0a 3c f3 1c 33 d3 ff 01
stack at sp + 2 slots: 0x00007fff60430b40 jvm.dll
stack at sp + 3 slots: 0x00007fff8fd54354 glass.dll
stack at sp + 4 slots: 0x0000024c66d20848 points into unknown readable memory: 0x00002d0c480a8c0a | 0a 8c 0a 48 0c 2d 00 00
stack at sp + 5 slots: 0x00007fffaf5f42d6 ucrtbase.dll
stack at sp + 6 slots: 0x00002d0c480a8c0a is an unknown value
stack at sp + 7 slots: 0x0000024c00000000 is an unknown value

VM_Operation (0x0000008fbd5ff030): Exit, mode: safepoint, requested by thread 0x0000024c66a03f60


---------------  P R O C E S S  ---------------

Threads class SMR info:
_java_thread_list=0x0000024c66649750, length=21, elements={
0x0000024c428870e0, 0x0000024c62037150, 0x0000024c62037db0, 0x0000024c62051a40,
0x0000024c620522f0, 0x0000024c62054cf0, 0x0000024c62060ff0, 0x0000024c62061d10,
0x0000024c62062740, 0x0000024c620b8bb0, 0x0000024c664813d0, 0x0000024c66a54ec0,
0x0000024c66aa6050, 0x0000024c66a05c40, 0x0000024c66a06ab0, 0x0000024c66a06110,
0x0000024c66a065e0, 0x0000024c66a030f0, 0x0000024c66a04900, 0x0000024c66a035c0,
0x0000024c66a03f60
}

Java Threads: ( => current thread )
  0x0000024c428870e0 JavaThread "main" [_thread_blocked, id=15608, stack(0x0000008fbaf00000,0x0000008fbb000000)]
  0x0000024c62037150 JavaThread "Reference Handler" daemon [_thread_blocked, id=21120, stack(0x0000008fbb600000,0x0000008fbb700000)]
  0x0000024c62037db0 JavaThread "Finalizer" daemon [_thread_blocked, id=9292, stack(0x0000008fbb700000,0x0000008fbb800000)]
  0x0000024c62051a40 JavaThread "Signal Dispatcher" daemon [_thread_blocked, id=4332, stack(0x0000008fbb800000,0x0000008fbb900000)]
  0x0000024c620522f0 JavaThread "Attach Listener" daemon [_thread_blocked, id=2668, stack(0x0000008fbb900000,0x0000008fbba00000)]
  0x0000024c62054cf0 JavaThread "Service Thread" daemon [_thread_blocked, id=1404, stack(0x0000008fbba00000,0x0000008fbbb00000)]
  0x0000024c62060ff0 JavaThread "Monitor Deflation Thread" daemon [_thread_blocked, id=16944, stack(0x0000008fbbb00000,0x0000008fbbc00000)]
  0x0000024c62061d10 JavaThread "C2 CompilerThread0" daemon [_thread_blocked, id=15244, stack(0x0000008fbbc00000,0x0000008fbbd00000)]
  0x0000024c62062740 JavaThread "C1 CompilerThread0" daemon [_thread_blocked, id=19996, stack(0x0000008fbbd00000,0x0000008fbbe00000)]
  0x0000024c620b8bb0 JavaThread "Sweeper thread" daemon [_thread_blocked, id=17088, stack(0x0000008fbbe00000,0x0000008fbbf00000)]
  0x0000024c664813d0 JavaThread "Common-Cleaner" daemon [_thread_blocked, id=21080, stack(0x0000008fbbf00000,0x0000008fbc000000)]
  0x0000024c66a54ec0 JavaThread "Monitor Ctrl-Break" daemon [_thread_in_native, id=13532, stack(0x0000008fbc200000,0x0000008fbc300000)]
  0x0000024c66aa6050 JavaThread "Notification Thread" daemon [_thread_blocked, id=10452, stack(0x0000008fbc300000,0x0000008fbc400000)]
  0x0000024c66a05c40 JavaThread "QuantumRenderer-0" daemon [_thread_blocked, id=3084, stack(0x0000008fbc100000,0x0000008fbc200000)]
  0x0000024c66a06ab0 JavaThread "InvokeLaterDispatcher" daemon [_thread_blocked, id=10412, stack(0x0000008fbc700000,0x0000008fbc800000)]
  0x0000024c66a06110 JavaThread "JavaFX Application Thread" [_thread_in_native, id=4488, stack(0x0000008fbc800000,0x0000008fbc900000)]
  0x0000024c66a065e0 JavaThread "Thread-1" daemon [_thread_in_native, id=14396, stack(0x0000008fbc000000,0x0000008fbc100000)]
  0x0000024c66a030f0 JavaThread "JavaFX-Launcher" [_thread_blocked, id=10620, stack(0x0000008fbcf00000,0x0000008fbd000000)]
  0x0000024c66a04900 JavaThread "Prism Font Disposer" daemon [_thread_blocked, id=4360, stack(0x0000008fbd700000,0x0000008fbd800000)]
  0x0000024c66a035c0 JavaThread "Cleaner-0" daemon [_thread_blocked, id=4640, stack(0x0000008fbdb00000,0x0000008fbdc00000)]
  0x0000024c66a03f60 JavaThread "SIGINT handler" daemon [_thread_blocked, id=5948, stack(0x0000008fbd500000,0x0000008fbd600000)]

Other Threads:
=>0x0000024c62033550 VMThread "VM Thread" [stack: 0x0000008fbb500000,0x0000008fbb600000] [id=17064]
  0x0000024c428dcac0 WorkerThread "GC Thread#0" [stack: 0x0000008fbb000000,0x0000008fbb100000] [id=6108]
  0x0000024c66ef5a10 WorkerThread "GC Thread#1" [stack: 0x0000008fbd000000,0x0000008fbd100000] [id=16340]
  0x0000024c66f40db0 WorkerThread "GC Thread#2" [stack: 0x0000008fbd100000,0x0000008fbd200000] [id=4552]
  0x0000024c66f41050 WorkerThread "GC Thread#3" [stack: 0x0000008fbd200000,0x0000008fbd300000] [id=8476]
  0x0000024c66f394a0 WorkerThread "GC Thread#4" [stack: 0x0000008fbd300000,0x0000008fbd400000] [id=13040]
  0x0000024c66f39740 WorkerThread "GC Thread#5" [stack: 0x0000008fbd400000,0x0000008fbd500000] [id=12048]
  0x0000024c6c35b900 WorkerThread "GC Thread#6" [stack: 0x0000008fbd900000,0x0000008fbda00000] [id=21792]
  0x0000024c6c35bba0 WorkerThread "GC Thread#7" [stack: 0x0000008fbda00000,0x0000008fbdb00000] [id=20588]
  0x0000024c428ed810 ConcurrentGCThread "G1 Main Marker" terminated
  0x0000024c428ee9a0 WorkerThread "G1 Conc#0" [stack: 0x0000008fbb200000,0x0000008fbb300000] [id=4468]
  0x0000024c42940b60 ConcurrentGCThread "G1 Refine#0" terminated
  0x0000024c42942480 ConcurrentGCThread "G1 Service" terminated

Threads with active compile tasks:

VM state: at safepoint (shutting down)

VM Mutex/Monitor currently owned by a thread:  ([mutex/lock_event])
[0x0000024c42882990] Threads_lock - owner thread: 0x0000024c62033550
[0x0000024c428837a0] Heap_lock - owner thread: 0x0000024c66a03f60

Heap address: 0x0000000091000000, size: 1776 MB, Compressed Oops mode: 32-bit

CDS archive(s) mapped at: [0x0000000800000000-0x0000000800ba0000-0x0000000800ba0000), size 12189696, SharedBaseAddress: 0x0000000800000000, ArchiveRelocationMode: 0.
Compressed class space mapped at: 0x0000000800c00000-0x0000000840c00000, reserved size: 1073741824
Narrow klass base: 0x0000000800000000, Narrow klass shift: 0, Narrow klass range: 0x100000000

GC Precious Log:
 CardTable entry size: 512
 Card Set container configuration: InlinePtr #cards 5 size 8 Array Of Cards #cards 12 size 40 Howl #buckets 4 coarsen threshold 1843 Howl Bitmap #cards 512 size 80 coarsen threshold 460 Card regions per heap region 1 cards per card region 2048
 CPUs: 8 total, 8 available
 Memory: 7103M
 Large Page Support: Disabled
 NUMA Support: Disabled
 Compressed Oops: Enabled (32-bit)
 Heap Region Size: 1M
 Heap Min Capacity: 8M
 Heap Initial Capacity: 112M
 Heap Max Capacity: 1776M
 Pre-touch: Disabled
 Parallel Workers: 8
 Concurrent Workers: 2
 Concurrent Refinement Workers: 8
 Periodic GC: Disabled

Heap:
 garbage-first heap   total 114688K, used 41844K [0x0000000091000000, 0x0000000100000000)
  region size 1024K, 39 young (39936K), 5 survivors (5120K)
 Metaspace       used 16134K, committed 16384K, reserved 1114112K
  class space    used 2302K, committed 2432K, reserved 1048576K

Heap Regions: E=young(eden), S=young(survivor), O=old, HS=humongous(starts), HC=humongous(continues), CS=collection set, F=free, OA=open archive, CA=closed archive, TAMS=top-at-mark-start (previous, next)
|   0|0x0000000091000000, 0x0000000091100000, 0x0000000091100000|100%| O|  |TAMS 0x0000000091000000, 0x0000000091000000| Untracked 
|   1|0x0000000091100000, 0x0000000091200000, 0x0000000091200000|100%| O|  |TAMS 0x0000000091100000, 0x0000000091100000| Untracked 
|   2|0x0000000091200000, 0x000000009128b400, 0x0000000091300000| 54%| O|  |TAMS 0x0000000091200000, 0x0000000091200000| Untracked 
|   3|0x0000000091300000, 0x0000000091400000, 0x0000000091400000|100%|HS|  |TAMS 0x0000000091300000, 0x0000000091300000| Complete 
|   4|0x0000000091400000, 0x0000000091500000, 0x0000000091500000|100%|HC|  |TAMS 0x0000000091400000, 0x0000000091400000| Complete 
|   5|0x0000000091500000, 0x0000000091500000, 0x0000000091600000|  0%| F|  |TAMS 0x0000000091500000, 0x0000000091500000| Untracked 
|   6|0x0000000091600000, 0x0000000091600000, 0x0000000091700000|  0%| F|  |TAMS 0x0000000091600000, 0x0000000091600000| Untracked 
|   7|0x0000000091700000, 0x0000000091700000, 0x0000000091800000|  0%| F|  |TAMS 0x0000000091700000, 0x0000000091700000| Untracked 
|   8|0x0000000091800000, 0x0000000091800000, 0x0000000091900000|  0%| F|  |TAMS 0x0000000091800000, 0x0000000091800000| Untracked 
|   9|0x0000000091900000, 0x0000000091900000, 0x0000000091a00000|  0%| F|  |TAMS 0x0000000091900000, 0x0000000091900000| Untracked 
|  10|0x0000000091a00000, 0x0000000091a00000, 0x0000000091b00000|  0%| F|  |TAMS 0x0000000091a00000, 0x0000000091a00000| Untracked 
|  11|0x0000000091b00000, 0x0000000091b00000, 0x0000000091c00000|  0%| F|  |TAMS 0x0000000091b00000, 0x0000000091b00000| Untracked 
|  12|0x0000000091c00000, 0x0000000091c00000, 0x0000000091d00000|  0%| F|  |TAMS 0x0000000091c00000, 0x0000000091c00000| Untracked 
|  13|0x0000000091d00000, 0x0000000091d00000, 0x0000000091e00000|  0%| F|  |TAMS 0x0000000091d00000, 0x0000000091d00000| Untracked 
|  14|0x0000000091e00000, 0x0000000091e00000, 0x0000000091f00000|  0%| F|  |TAMS 0x0000000091e00000, 0x0000000091e00000| Untracked 
|  15|0x0000000091f00000, 0x0000000091f00000, 0x0000000092000000|  0%| F|  |TAMS 0x0000000091f00000, 0x0000000091f00000| Untracked 
|  16|0x0000000092000000, 0x0000000092000000, 0x0000000092100000|  0%| F|  |TAMS 0x0000000092000000, 0x0000000092000000| Untracked 
|  17|0x0000000092100000, 0x0000000092100000, 0x0000000092200000|  0%| F|  |TAMS 0x0000000092100000, 0x0000000092100000| Untracked 
|  18|0x0000000092200000, 0x0000000092200000, 0x0000000092300000|  0%| F|  |TAMS 0x0000000092200000, 0x0000000092200000| Untracked 
|  19|0x0000000092300000, 0x0000000092300000, 0x0000000092400000|  0%| F|  |TAMS 0x0000000092300000, 0x0000000092300000| Untracked 
|  20|0x0000000092400000, 0x0000000092400000, 0x0000000092500000|  0%| F|  |TAMS 0x0000000092400000, 0x0000000092400000| Untracked 
|  21|0x0000000092500000, 0x0000000092500000, 0x0000000092600000|  0%| F|  |TAMS 0x0000000092500000, 0x0000000092500000| Untracked 
|  22|0x0000000092600000, 0x0000000092600000, 0x0000000092700000|  0%| F|  |TAMS 0x0000000092600000, 0x0000000092600000| Untracked 
|  23|0x0000000092700000, 0x0000000092700000, 0x0000000092800000|  0%| F|  |TAMS 0x0000000092700000, 0x0000000092700000| Untracked 
|  24|0x0000000092800000, 0x0000000092800000, 0x0000000092900000|  0%| F|  |TAMS 0x0000000092800000, 0x0000000092800000| Untracked 
|  25|0x0000000092900000, 0x0000000092900000, 0x0000000092a00000|  0%| F|  |TAMS 0x0000000092900000, 0x0000000092900000| Untracked 
|  26|0x0000000092a00000, 0x0000000092a00000, 0x0000000092b00000|  0%| F|  |TAMS 0x0000000092a00000, 0x0000000092a00000| Untracked 
|  27|0x0000000092b00000, 0x0000000092b00000, 0x0000000092c00000|  0%| F|  |TAMS 0x0000000092b00000, 0x0000000092b00000| Untracked 
|  28|0x0000000092c00000, 0x0000000092c00000, 0x0000000092d00000|  0%| F|  |TAMS 0x0000000092c00000, 0x0000000092c00000| Untracked 
|  29|0x0000000092d00000, 0x0000000092d00000, 0x0000000092e00000|  0%| F|  |TAMS 0x0000000092d00000, 0x0000000092d00000| Untracked 
|  30|0x0000000092e00000, 0x0000000092e00000, 0x0000000092f00000|  0%| F|  |TAMS 0x0000000092e00000, 0x0000000092e00000| Untracked 
|  31|0x0000000092f00000, 0x0000000092f00000, 0x0000000093000000|  0%| F|  |TAMS 0x0000000092f00000, 0x0000000092f00000| Untracked 
|  32|0x0000000093000000, 0x0000000093000000, 0x0000000093100000|  0%| F|  |TAMS 0x0000000093000000, 0x0000000093000000| Untracked 
|  33|0x0000000093100000, 0x0000000093100000, 0x0000000093200000|  0%| F|  |TAMS 0x0000000093100000, 0x0000000093100000| Untracked 
|  34|0x0000000093200000, 0x0000000093200000, 0x0000000093300000|  0%| F|  |TAMS 0x0000000093200000, 0x0000000093200000| Untracked 
|  35|0x0000000093300000, 0x0000000093300000, 0x0000000093400000|  0%| F|  |TAMS 0x0000000093300000, 0x0000000093300000| Untracked 
|  36|0x0000000093400000, 0x0000000093400000, 0x0000000093500000|  0%| F|  |TAMS 0x0000000093400000, 0x0000000093400000| Untracked 
|  37|0x0000000093500000, 0x0000000093500000, 0x0000000093600000|  0%| F|  |TAMS 0x0000000093500000, 0x0000000093500000| Untracked 
|  38|0x0000000093600000, 0x0000000093600000, 0x0000000093700000|  0%| F|  |TAMS 0x0000000093600000, 0x0000000093600000| Untracked 
|  39|0x0000000093700000, 0x0000000093700000, 0x0000000093800000|  0%| F|  |TAMS 0x0000000093700000, 0x0000000093700000| Untracked 
|  40|0x0000000093800000, 0x0000000093800000, 0x0000000093900000|  0%| F|  |TAMS 0x0000000093800000, 0x0000000093800000| Untracked 
|  41|0x0000000093900000, 0x0000000093900000, 0x0000000093a00000|  0%| F|  |TAMS 0x0000000093900000, 0x0000000093900000| Untracked 
|  42|0x0000000093a00000, 0x0000000093a00000, 0x0000000093b00000|  0%| F|  |TAMS 0x0000000093a00000, 0x0000000093a00000| Untracked 
|  43|0x0000000093b00000, 0x0000000093b00000, 0x0000000093c00000|  0%| F|  |TAMS 0x0000000093b00000, 0x0000000093b00000| Untracked 
|  44|0x0000000093c00000, 0x0000000093c00000, 0x0000000093d00000|  0%| F|  |TAMS 0x0000000093c00000, 0x0000000093c00000| Untracked 
|  45|0x0000000093d00000, 0x0000000093d00000, 0x0000000093e00000|  0%| F|  |TAMS 0x0000000093d00000, 0x0000000093d00000| Untracked 
|  46|0x0000000093e00000, 0x0000000093e00000, 0x0000000093f00000|  0%| F|  |TAMS 0x0000000093e00000, 0x0000000093e00000| Untracked 
|  47|0x0000000093f00000, 0x0000000093f00000, 0x0000000094000000|  0%| F|  |TAMS 0x0000000093f00000, 0x0000000093f00000| Untracked 
|  48|0x0000000094000000, 0x0000000094000000, 0x0000000094100000|  0%| F|  |TAMS 0x0000000094000000, 0x0000000094000000| Untracked 
|  49|0x0000000094100000, 0x0000000094100000, 0x0000000094200000|  0%| F|  |TAMS 0x0000000094100000, 0x0000000094100000| Untracked 
|  50|0x0000000094200000, 0x0000000094200000, 0x0000000094300000|  0%| F|  |TAMS 0x0000000094200000, 0x0000000094200000| Untracked 
|  51|0x0000000094300000, 0x0000000094300000, 0x0000000094400000|  0%| F|  |TAMS 0x0000000094300000, 0x0000000094300000| Untracked 
|  52|0x0000000094400000, 0x0000000094400000, 0x0000000094500000|  0%| F|  |TAMS 0x0000000094400000, 0x0000000094400000| Untracked 
|  53|0x0000000094500000, 0x0000000094500000, 0x0000000094600000|  0%| F|  |TAMS 0x0000000094500000, 0x0000000094500000| Untracked 
|  54|0x0000000094600000, 0x0000000094600000, 0x0000000094700000|  0%| F|  |TAMS 0x0000000094600000, 0x0000000094600000| Untracked 
|  55|0x0000000094700000, 0x0000000094700000, 0x0000000094800000|  0%| F|  |TAMS 0x0000000094700000, 0x0000000094700000| Untracked 
|  56|0x0000000094800000, 0x0000000094800000, 0x0000000094900000|  0%| F|  |TAMS 0x0000000094800000, 0x0000000094800000| Untracked 
|  57|0x0000000094900000, 0x0000000094900000, 0x0000000094a00000|  0%| F|  |TAMS 0x0000000094900000, 0x0000000094900000| Untracked 
|  58|0x0000000094a00000, 0x0000000094a00000, 0x0000000094b00000|  0%| F|  |TAMS 0x0000000094a00000, 0x0000000094a00000| Untracked 
|  59|0x0000000094b00000, 0x0000000094b00000, 0x0000000094c00000|  0%| F|  |TAMS 0x0000000094b00000, 0x0000000094b00000| Untracked 
|  60|0x0000000094c00000, 0x0000000094c00000, 0x0000000094d00000|  0%| F|  |TAMS 0x0000000094c00000, 0x0000000094c00000| Untracked 
|  61|0x0000000094d00000, 0x0000000094d00000, 0x0000000094e00000|  0%| F|  |TAMS 0x0000000094d00000, 0x0000000094d00000| Untracked 
|  62|0x0000000094e00000, 0x0000000094e00000, 0x0000000094f00000|  0%| F|  |TAMS 0x0000000094e00000, 0x0000000094e00000| Untracked 
|  63|0x0000000094f00000, 0x0000000094f00000, 0x0000000095000000|  0%| F|  |TAMS 0x0000000094f00000, 0x0000000094f00000| Untracked 
|  64|0x0000000095000000, 0x0000000095000000, 0x0000000095100000|  0%| F|  |TAMS 0x0000000095000000, 0x0000000095000000| Untracked 
|  65|0x0000000095100000, 0x0000000095100000, 0x0000000095200000|  0%| F|  |TAMS 0x0000000095100000, 0x0000000095100000| Untracked 
|  66|0x0000000095200000, 0x0000000095200000, 0x0000000095300000|  0%| F|  |TAMS 0x0000000095200000, 0x0000000095200000| Untracked 
|  67|0x0000000095300000, 0x0000000095300000, 0x0000000095400000|  0%| F|  |TAMS 0x0000000095300000, 0x0000000095300000| Untracked 
|  68|0x0000000095400000, 0x0000000095400000, 0x0000000095500000|  0%| F|  |TAMS 0x0000000095400000, 0x0000000095400000| Untracked 
|  69|0x0000000095500000, 0x0000000095500000, 0x0000000095600000|  0%| F|  |TAMS 0x0000000095500000, 0x0000000095500000| Untracked 
|  70|0x0000000095600000, 0x0000000095600000, 0x0000000095700000|  0%| F|  |TAMS 0x0000000095600000, 0x0000000095600000| Untracked 
|  71|0x0000000095700000, 0x0000000095700000, 0x0000000095800000|  0%| F|  |TAMS 0x0000000095700000, 0x0000000095700000| Untracked 
|  72|0x0000000095800000, 0x0000000095851c30, 0x0000000095900000| 31%| S|CS|TAMS 0x0000000095800000, 0x0000000095800000| Complete 
|  73|0x0000000095900000, 0x0000000095a00000, 0x0000000095a00000|100%| S|CS|TAMS 0x0000000095900000, 0x0000000095900000| Complete 
|  74|0x0000000095a00000, 0x0000000095b00000, 0x0000000095b00000|100%| S|CS|TAMS 0x0000000095a00000, 0x0000000095a00000| Complete 
|  75|0x0000000095b00000, 0x0000000095c00000, 0x0000000095c00000|100%| S|CS|TAMS 0x0000000095b00000, 0x0000000095b00000| Complete 
|  76|0x0000000095c00000, 0x0000000095d00000, 0x0000000095d00000|100%| S|CS|TAMS 0x0000000095c00000, 0x0000000095c00000| Complete 
|  77|0x0000000095d00000, 0x0000000095d00000, 0x0000000095e00000|  0%| F|  |TAMS 0x0000000095d00000, 0x0000000095d00000| Untracked 
|  78|0x0000000095e00000, 0x0000000095e5e620, 0x0000000095f00000| 36%| E|  |TAMS 0x0000000095e00000, 0x0000000095e00000| Complete 
|  79|0x0000000095f00000, 0x0000000096000000, 0x0000000096000000|100%| E|CS|TAMS 0x0000000095f00000, 0x0000000095f00000| Complete 
|  80|0x0000000096000000, 0x0000000096100000, 0x0000000096100000|100%| E|CS|TAMS 0x0000000096000000, 0x0000000096000000| Complete 
|  81|0x0000000096100000, 0x0000000096200000, 0x0000000096200000|100%| E|CS|TAMS 0x0000000096100000, 0x0000000096100000| Complete 
|  82|0x0000000096200000, 0x0000000096300000, 0x0000000096300000|100%| E|CS|TAMS 0x0000000096200000, 0x0000000096200000| Complete 
|  83|0x0000000096300000, 0x0000000096400000, 0x0000000096400000|100%| E|CS|TAMS 0x0000000096300000, 0x0000000096300000| Complete 
|  84|0x0000000096400000, 0x0000000096500000, 0x0000000096500000|100%| E|CS|TAMS 0x0000000096400000, 0x0000000096400000| Complete 
|  85|0x0000000096500000, 0x0000000096600000, 0x0000000096600000|100%| E|CS|TAMS 0x0000000096500000, 0x0000000096500000| Complete 
|  86|0x0000000096600000, 0x0000000096700000, 0x0000000096700000|100%| E|CS|TAMS 0x0000000096600000, 0x0000000096600000| Complete 
|  87|0x0000000096700000, 0x0000000096800000, 0x0000000096800000|100%| E|CS|TAMS 0x0000000096700000, 0x0000000096700000| Complete 
|  88|0x0000000096800000, 0x0000000096900000, 0x0000000096900000|100%| E|CS|TAMS 0x0000000096800000, 0x0000000096800000| Complete 
|  89|0x0000000096900000, 0x0000000096a00000, 0x0000000096a00000|100%| E|CS|TAMS 0x0000000096900000, 0x0000000096900000| Complete 
|  90|0x0000000096a00000, 0x0000000096b00000, 0x0000000096b00000|100%| E|CS|TAMS 0x0000000096a00000, 0x0000000096a00000| Complete 
|  91|0x0000000096b00000, 0x0000000096c00000, 0x0000000096c00000|100%| E|CS|TAMS 0x0000000096b00000, 0x0000000096b00000| Complete 
|  92|0x0000000096c00000, 0x0000000096d00000, 0x0000000096d00000|100%| E|CS|TAMS 0x0000000096c00000, 0x0000000096c00000| Complete 
|  93|0x0000000096d00000, 0x0000000096e00000, 0x0000000096e00000|100%| E|CS|TAMS 0x0000000096d00000, 0x0000000096d00000| Complete 
|  94|0x0000000096e00000, 0x0000000096f00000, 0x0000000096f00000|100%| E|CS|TAMS 0x0000000096e00000, 0x0000000096e00000| Complete 
|  95|0x0000000096f00000, 0x0000000097000000, 0x0000000097000000|100%| E|CS|TAMS 0x0000000096f00000, 0x0000000096f00000| Complete 
|  96|0x0000000097000000, 0x0000000097100000, 0x0000000097100000|100%| E|CS|TAMS 0x0000000097000000, 0x0000000097000000| Complete 
|  97|0x0000000097100000, 0x0000000097200000, 0x0000000097200000|100%| E|CS|TAMS 0x0000000097100000, 0x0000000097100000| Complete 
|  98|0x0000000097200000, 0x0000000097300000, 0x0000000097300000|100%| E|CS|TAMS 0x0000000097200000, 0x0000000097200000| Complete 
|  99|0x0000000097300000, 0x0000000097400000, 0x0000000097400000|100%| E|CS|TAMS 0x0000000097300000, 0x0000000097300000| Complete 
| 100|0x0000000097400000, 0x0000000097500000, 0x0000000097500000|100%| E|CS|TAMS 0x0000000097400000, 0x0000000097400000| Complete 
| 101|0x0000000097500000, 0x0000000097600000, 0x0000000097600000|100%| E|CS|TAMS 0x0000000097500000, 0x0000000097500000| Complete 
| 102|0x0000000097600000, 0x0000000097700000, 0x0000000097700000|100%| E|  |TAMS 0x0000000097600000, 0x0000000097600000| Complete 
| 103|0x0000000097700000, 0x0000000097800000, 0x0000000097800000|100%| E|CS|TAMS 0x0000000097700000, 0x0000000097700000| Complete 
| 104|0x0000000097800000, 0x0000000097900000, 0x0000000097900000|100%| E|CS|TAMS 0x0000000097800000, 0x0000000097800000| Complete 
| 105|0x0000000097900000, 0x0000000097a00000, 0x0000000097a00000|100%| E|CS|TAMS 0x0000000097900000, 0x0000000097900000| Complete 
| 106|0x0000000097a00000, 0x0000000097b00000, 0x0000000097b00000|100%| E|CS|TAMS 0x0000000097a00000, 0x0000000097a00000| Complete 
| 107|0x0000000097b00000, 0x0000000097c00000, 0x0000000097c00000|100%| E|CS|TAMS 0x0000000097b00000, 0x0000000097b00000| Complete 
| 108|0x0000000097c00000, 0x0000000097d00000, 0x0000000097d00000|100%| E|CS|TAMS 0x0000000097c00000, 0x0000000097c00000| Complete 
| 109|0x0000000097d00000, 0x0000000097e00000, 0x0000000097e00000|100%| E|CS|TAMS 0x0000000097d00000, 0x0000000097d00000| Complete 
| 110|0x0000000097e00000, 0x0000000097f00000, 0x0000000097f00000|100%| E|CS|TAMS 0x0000000097e00000, 0x0000000097e00000| Complete 
| 111|0x0000000097f00000, 0x0000000098000000, 0x0000000098000000|100%| E|CS|TAMS 0x0000000097f00000, 0x0000000097f00000| Complete 

Card table byte_map: [0x0000024c5b770000,0x0000024c5baf0000] _byte_map_base: 0x0000024c5b2e8000

Marking Bits (Prev, Next): (CMBitMap*) 0x0000024c428de0d0, (CMBitMap*) 0x0000024c428de110
 Prev Bits: [0x0000024c5be70000, 0x0000024c5da30000)
 Next Bits: [0x0000024c5da30000, 0x0000024c5f5f0000)

Polling page: 0x0000024c42950000

Metaspace:

Usage:
  Non-class:     13.51 MB used.
      Class:      2.25 MB used.
       Both:     15.76 MB used.

Virtual space:
  Non-class space:       64.00 MB reserved,      13.62 MB ( 21%) committed,  1 nodes.
      Class space:        1.00 GB reserved,       2.38 MB ( <1%) committed,  1 nodes.
             Both:        1.06 GB reserved,      16.00 MB (  1%) committed. 

Chunk freelists:
   Non-Class:  2.28 MB
       Class:  1.67 MB
        Both:  3.95 MB

MaxMetaspaceSize: unlimited
CompressedClassSpaceSize: 1.00 GB
Initial GC threshold: 21.00 MB
Current GC threshold: 21.00 MB
CDS: on
MetaspaceReclaimPolicy: balanced
 - commit_granule_bytes: 65536.
 - commit_granule_words: 8192.
 - virtual_space_node_default_size: 8388608.
 - enlarge_chunks_in_place: 1.
 - new_chunks_are_fully_committed: 0.
 - uncommit_free_chunks: 1.
 - use_allocation_guard: 0.


Internal statistics:

num_allocs_failed_limit: 0.
num_arena_births: 252.
num_arena_deaths: 0.
num_vsnodes_births: 2.
num_vsnodes_deaths: 0.
num_space_committed: 256.
num_space_uncommitted: 0.
num_chunks_returned_to_freelist: 0.
num_chunks_taken_from_freelist: 781.
num_chunk_merges: 0.
num_chunk_splits: 545.
num_chunks_enlarged: 426.
num_inconsistent_stats: 0.

CodeHeap 'non-profiled nmethods': size=120000Kb used=1117Kb max_used=1117Kb free=118883Kb
 bounds [0x0000024c53450000, 0x0000024c536c0000, 0x0000024c5a980000]
CodeHeap 'profiled nmethods': size=120000Kb used=5370Kb max_used=5370Kb free=114629Kb
 bounds [0x0000024c4bf20000, 0x0000024c4c460000, 0x0000024c53450000]
CodeHeap 'non-nmethods': size=5760Kb used=1459Kb max_used=1478Kb free=4300Kb
 bounds [0x0000024c4b980000, 0x0000024c4bbf0000, 0x0000024c4bf20000]
 total_blobs=3760 nmethods=2946 adapters=726
 compilation: enabled
              stopped_count=0, restarted_count=0
 full_count=0

Compilation events (20 events):
Event: 7.431 Thread 0x0000024c62062740 nmethod 2937 0x0000024c53565310 code [0x0000024c535654a0, 0x0000024c53565578]
Event: 7.431 Thread 0x0000024c62062740 2938       1       sun.nio.fs.WindowsPathParser$Result::root (5 bytes)
Event: 7.431 Thread 0x0000024c62062740 nmethod 2938 0x0000024c53565610 code [0x0000024c535657a0, 0x0000024c53565878]
Event: 7.431 Thread 0x0000024c62062740 2939       1       sun.nio.fs.WindowsPathParser$Result::path (5 bytes)
Event: 7.431 Thread 0x0000024c62062740 nmethod 2939 0x0000024c53565910 code [0x0000024c53565aa0, 0x0000024c53565b78]
Event: 7.439 Thread 0x0000024c62061d10 nmethod 2935 0x0000024c53565c10 code [0x0000024c53565de0, 0x0000024c535667f8]
Event: 7.478 Thread 0x0000024c62061d10 2940       4       java.nio.Buffer::clear (20 bytes)
Event: 7.478 Thread 0x0000024c62061d10 nmethod 2940 0x0000024c53566e10 code [0x0000024c53566f80, 0x0000024c53567018]
Event: 7.481 Thread 0x0000024c62062740 2941       1       com.google.gson.reflect.TypeToken::getRawType (5 bytes)
Event: 7.481 Thread 0x0000024c62062740 nmethod 2941 0x0000024c53567110 code [0x0000024c535672a0, 0x0000024c53567378]
Event: 7.483 Thread 0x0000024c62062740 2942       3       java.lang.Module::isStaticallyExportedOrOpen (70 bytes)
Event: 7.484 Thread 0x0000024c62062740 nmethod 2942 0x0000024c4c45c310 code [0x0000024c4c45c520, 0x0000024c4c45cc18]
Event: 7.484 Thread 0x0000024c62062740 2943       3       sun.reflect.generics.parser.SignatureParser::current (59 bytes)
Event: 7.484 Thread 0x0000024c62062740 nmethod 2943 0x0000024c4c45cd90 code [0x0000024c4c45cfa0, 0x0000024c4c45d698]
Event: 7.484 Thread 0x0000024c62062740 2944       3       sun.reflect.generics.parser.SignatureParser::advance (53 bytes)
Event: 7.484 Thread 0x0000024c62062740 nmethod 2944 0x0000024c4c45d990 code [0x0000024c4c45db40, 0x0000024c4c45dd98]
Event: 7.485 Thread 0x0000024c62062740 2945       3       java.lang.Character::isWhitespace (5 bytes)
Event: 7.485 Thread 0x0000024c62062740 nmethod 2945 0x0000024c4c45de90 code [0x0000024c4c45e040, 0x0000024c4c45e298]
Event: 7.486 Thread 0x0000024c62062740 2946   !   3       com.sun.javafx.binding.ExpressionHelper$SingleInvalidation::fireValueChangedEvent (33 bytes)
Event: 7.487 Thread 0x0000024c62062740 nmethod 2946 0x0000024c4c45e390 code [0x0000024c4c45e560, 0x0000024c4c45e9d8]

GC Heap History (4 events):
Event: 0.921 GC heap before
{Heap before GC invocations=0 (full 0):
 garbage-first heap   total 114688K, used 23552K [0x0000000091000000, 0x0000000100000000)
  region size 1024K, 23 young (23552K), 0 survivors (0K)
 Metaspace       used 4964K, committed 5184K, reserved 1114112K
  class space    used 564K, committed 640K, reserved 1048576K
}
Event: 0.930 GC heap after
{Heap after GC invocations=1 (full 0):
 garbage-first heap   total 114688K, used 2820K [0x0000000091000000, 0x0000000100000000)
  region size 1024K, 3 young (3072K), 3 survivors (3072K)
 Metaspace       used 4964K, committed 5184K, reserved 1114112K
  class space    used 564K, committed 640K, reserved 1048576K
}
Event: 1.701 GC heap before
{Heap before GC invocations=1 (full 0):
 garbage-first heap   total 114688K, used 35588K [0x0000000091000000, 0x0000000100000000)
  region size 1024K, 35 young (35840K), 3 survivors (3072K)
 Metaspace       used 12958K, committed 13120K, reserved 1114112K
  class space    used 1906K, committed 1984K, reserved 1048576K
}
Event: 1.708 GC heap after
{Heap after GC invocations=2 (full 0):
 garbage-first heap   total 114688K, used 7028K [0x0000000091000000, 0x0000000100000000)
  region size 1024K, 5 young (5120K), 5 survivors (5120K)
 Metaspace       used 12958K, committed 13120K, reserved 1114112K
  class space    used 1906K, committed 1984K, reserved 1048576K
}

Deoptimization events (20 events):
Event: 2.392 Thread 0x0000024c66a06110 Uncommon trap: trap_request=0xffffff45 fr.pc=0x0000024c534db6dc relative=0x000000000000069c
Event: 2.392 Thread 0x0000024c66a06110 Uncommon trap: reason=unstable_if action=reinterpret pc=0x0000024c534db6dc method=java.util.WeakHashMap.expungeStaleEntries()V @ 66 c2
Event: 2.392 Thread 0x0000024c66a06110 DEOPT PACKING pc=0x0000024c534db6dc sp=0x0000008fbc8fd7b0
Event: 2.392 Thread 0x0000024c66a06110 DEOPT UNPACKING pc=0x0000024c4b9d23a3 sp=0x0000008fbc8fd740 mode 2
Event: 6.020 Thread 0x0000024c66a05c40 Uncommon trap: trap_request=0xffffff45 fr.pc=0x0000024c5353fe0c relative=0x000000000000008c
Event: 6.020 Thread 0x0000024c66a05c40 Uncommon trap: reason=unstable_if action=reinterpret pc=0x0000024c5353fe0c method=java.lang.Math.round(F)I @ 36 c2
Event: 6.020 Thread 0x0000024c66a05c40 DEOPT PACKING pc=0x0000024c5353fe0c sp=0x0000008fbc1fd790
Event: 6.020 Thread 0x0000024c66a05c40 DEOPT UNPACKING pc=0x0000024c4b9d23a3 sp=0x0000008fbc1fd708 mode 2
Event: 7.389 Thread 0x0000024c66a06110 Uncommon trap: trap_request=0xffffff45 fr.pc=0x0000024c53495940 relative=0x00000000000003a0
Event: 7.389 Thread 0x0000024c66a06110 Uncommon trap: reason=unstable_if action=reinterpret pc=0x0000024c53495940 method=java.lang.StringLatin1.canEncode(I)Z @ 4 c2
Event: 7.389 Thread 0x0000024c66a06110 DEOPT PACKING pc=0x0000024c53495940 sp=0x0000008fbc8fb920
Event: 7.389 Thread 0x0000024c66a06110 DEOPT UNPACKING pc=0x0000024c4b9d23a3 sp=0x0000008fbc8fb848 mode 2
Event: 7.389 Thread 0x0000024c66a06110 Uncommon trap: trap_request=0xffffff45 fr.pc=0x0000024c534a79bc relative=0x000000000000039c
Event: 7.389 Thread 0x0000024c66a06110 Uncommon trap: reason=unstable_if action=reinterpret pc=0x0000024c534a79bc method=java.lang.AbstractStringBuilder.isLatin1()Z @ 10 c2
Event: 7.389 Thread 0x0000024c66a06110 DEOPT PACKING pc=0x0000024c534a79bc sp=0x0000008fbc8fb940
Event: 7.389 Thread 0x0000024c66a06110 DEOPT UNPACKING pc=0x0000024c4b9d23a3 sp=0x0000008fbc8fb8c0 mode 2
Event: 7.391 Thread 0x0000024c66a06110 Uncommon trap: trap_request=0xffffff45 fr.pc=0x0000024c53459d48 relative=0x0000000000000048
Event: 7.391 Thread 0x0000024c66a06110 Uncommon trap: reason=unstable_if action=reinterpret pc=0x0000024c53459d48 method=java.lang.CharacterData.of(I)Ljava/lang/CharacterData; @ 4 c2
Event: 7.391 Thread 0x0000024c66a06110 DEOPT PACKING pc=0x0000024c53459d48 sp=0x0000008fbc8fb0d0
Event: 7.391 Thread 0x0000024c66a06110 DEOPT UNPACKING pc=0x0000024c4b9d23a3 sp=0x0000008fbc8fb070 mode 2

Classes loaded (20 events):
Event: 7.427 Loading class sun/reflect/generics/tree/FormalTypeParameter
Event: 7.427 Loading class sun/reflect/generics/tree/FormalTypeParameter done
Event: 7.427 Loading class sun/reflect/generics/tree/ClassSignature
Event: 7.427 Loading class sun/reflect/generics/tree/Signature
Event: 7.427 Loading class sun/reflect/generics/tree/Signature done
Event: 7.427 Loading class sun/reflect/generics/tree/ClassSignature done
Event: 7.483 Loading class sun/reflect/generics/repository/FieldRepository
Event: 7.484 Loading class sun/reflect/generics/repository/FieldRepository done
Event: 7.484 Loading class sun/reflect/generics/reflectiveObjects/ParameterizedTypeImpl
Event: 7.484 Loading class sun/reflect/generics/reflectiveObjects/ParameterizedTypeImpl done
Event: 7.484 Loading class sun/reflect/generics/tree/TypeVariableSignature
Event: 7.484 Loading class sun/reflect/generics/tree/TypeVariableSignature done
Event: 7.484 Loading class sun/reflect/generics/reflectiveObjects/TypeVariableImpl
Event: 7.484 Loading class sun/reflect/generics/reflectiveObjects/LazyReflectiveObjectGenerator
Event: 7.484 Loading class sun/reflect/generics/reflectiveObjects/LazyReflectiveObjectGenerator done
Event: 7.484 Loading class sun/reflect/generics/reflectiveObjects/TypeVariableImpl done
Event: 7.485 Loading class sun/reflect/misc/ReflectUtil
Event: 7.485 Loading class sun/reflect/misc/ReflectUtil done
Event: 16.317 Loading class jdk/internal/misc/Signal$1
Event: 16.317 Loading class jdk/internal/misc/Signal$1 done

Classes unloaded (0 events):
No events

Classes redefined (0 events):
No events

Internal exceptions (20 events):
Event: 1.423 Thread 0x0000024c66a06110 Exception <a 'java/lang/ClassNotFoundException'{0x00000000965633b0}: com/sun/javafx/scene/control/skin/resources/controls_ru_RU> (0x00000000965633b0) 
thrown [t:\workspace\open\src\hotspot\share\prims\jni.cpp, line 535]
Event: 1.478 Thread 0x0000024c66a06110 Exception <a 'java/lang/NoSuchMethodError'{0x00000000963b36b8}: 'void java.lang.invoke.DirectMethodHandle$Holder.invokeSpecial(java.lang.Object, java.lang.Object, java.lang.Object, java.lang.Object, java.lang.Object, java.lang.Object)'> (0x00000000963b36b8) 
thrown [t:\workspace\open\src\hotspot\share\interpreter\linkResolver.cpp, line 766]
Event: 1.609 Thread 0x0000024c66a06110 Exception <a 'java/lang/NoSuchMethodError'{0x0000000095f24e38}: 'int java.lang.invoke.DirectMethodHandle$Holder.invokeSpecial(java.lang.Object, java.lang.Object, int)'> (0x0000000095f24e38) 
thrown [t:\workspace\open\src\hotspot\share\interpreter\linkResolver.cpp, line 766]
Event: 1.610 Thread 0x0000024c66a06110 Exception <a 'java/lang/NoSuchMethodError'{0x0000000095f2c820}: 'int java.lang.invoke.DirectMethodHandle$Holder.invokeSpecial(java.lang.Object, java.lang.Object, java.lang.Object, int)'> (0x0000000095f2c820) 
thrown [t:\workspace\open\src\hotspot\share\interpreter\linkResolver.cpp, line 766]
Event: 1.612 Thread 0x0000024c66a06110 Exception <a 'java/lang/NoSuchMethodError'{0x0000000095f3f098}: 'java.lang.Object java.lang.invoke.DirectMethodHandle$Holder.invokeStatic(java.lang.Object, java.lang.Object, java.lang.Object, java.lang.Object, int)'> (0x0000000095f3f098) 
thrown [t:\workspace\open\src\hotspot\share\interpreter\linkResolver.cpp, line 766]
Event: 1.613 Thread 0x0000024c66a06110 Exception <a 'java/lang/NoSuchMethodError'{0x0000000095f47b50}: 'int java.lang.invoke.DirectMethodHandle$Holder.invokeSpecial(java.lang.Object, java.lang.Object, java.lang.Object)'> (0x0000000095f47b50) 
thrown [t:\workspace\open\src\hotspot\share\interpreter\linkResolver.cpp, line 766]
Event: 1.624 Thread 0x0000024c66a06110 Exception <a 'java/lang/NoSuchMethodError'{0x0000000095f9f250}: 'void java.lang.invoke.DirectMethodHandle$Holder.invokeSpecial(java.lang.Object, java.lang.Object, int, int)'> (0x0000000095f9f250) 
thrown [t:\workspace\open\src\hotspot\share\interpreter\linkResolver.cpp, line 766]
Event: 1.624 Thread 0x0000024c66a06110 Exception <a 'java/lang/NoSuchMethodError'{0x0000000095fa5a38}: 'java.lang.Object java.lang.invoke.DirectMethodHandle$Holder.newInvokeSpecial(java.lang.Object, java.lang.Object, int, int)'> (0x0000000095fa5a38) 
thrown [t:\workspace\open\src\hotspot\share\interpreter\linkResolver.cpp, line 766]
Event: 1.625 Thread 0x0000024c66a06110 Exception <a 'java/lang/NoSuchMethodError'{0x0000000095fa9b38}: 'java.lang.Object java.lang.invoke.DirectMethodHandle$Holder.invokeSpecial(java.lang.Object, java.lang.Object, java.lang.Object, int, int)'> (0x0000000095fa9b38) 
thrown [t:\workspace\open\src\hotspot\share\interpreter\linkResolver.cpp, line 766]
Event: 1.630 Thread 0x0000024c66a06110 Exception <a 'java/lang/NoSuchMethodError'{0x0000000095fba6c8}: 'java.lang.Object java.lang.invoke.DirectMethodHandle$Holder.newInvokeSpecial(java.lang.Object, java.lang.Object, int)'> (0x0000000095fba6c8) 
thrown [t:\workspace\open\src\hotspot\share\interpreter\linkResolver.cpp, line 766]
Event: 1.641 Thread 0x0000024c66a06110 Exception <a 'java/lang/NoSuchMethodError'{0x0000000095fd6a30}: 'long java.lang.invoke.DirectMethodHandle$Holder.invokeStatic(java.lang.Object, java.lang.Object, java.lang.Object)'> (0x0000000095fd6a30) 
thrown [t:\workspace\open\src\hotspot\share\interpreter\linkResolver.cpp, line 766]
Event: 1.642 Thread 0x0000024c66a06110 Exception <a 'java/lang/NoSuchMethodError'{0x0000000095fda1d0}: 'long java.lang.invoke.DirectMethodHandle$Holder.invokeStaticInit(java.lang.Object, java.lang.Object, java.lang.Object)'> (0x0000000095fda1d0) 
thrown [t:\workspace\open\src\hotspot\share\interpreter\linkResolver.cpp, line 766]
Event: 1.648 Thread 0x0000024c66a06110 Exception <a 'java/lang/NoSuchMethodError'{0x0000000095e0e3f8}: 'java.lang.Object java.lang.invoke.DirectMethodHandle$Holder.newInvokeSpecial(java.lang.Object, java.lang.Object, long)'> (0x0000000095e0e3f8) 
thrown [t:\workspace\open\src\hotspot\share\interpreter\linkResolver.cpp, line 766]
Event: 1.649 Thread 0x0000024c66a06110 Exception <a 'java/lang/NoSuchMethodError'{0x0000000095e11f70}: 'java.lang.Object java.lang.invoke.Invokers$Holder.linkToTargetMethod(java.lang.Object, long, java.lang.Object)'> (0x0000000095e11f70) 
thrown [t:\workspace\open\src\hotspot\share\interpreter\linkResolver.cpp, line 766]
Event: 1.681 Thread 0x0000024c66a05c40 Exception <a 'java/lang/NoSuchMethodError'{0x0000000095efc598}: 'int java.lang.invoke.DirectMethodHandle$Holder.invokeStaticInit(java.lang.Object, java.lang.Object)'> (0x0000000095efc598) 
thrown [t:\workspace\open\src\hotspot\share\interpreter\linkResolver.cpp, line 766]
Event: 1.698 Thread 0x0000024c66a05c40 Exception <a 'java/lang/NoSuchMethodError'{0x0000000095ddf9b8}: 'java.lang.Object java.lang.invoke.DirectMethodHandle$Holder.invokeStaticInit(java.lang.Object, int)'> (0x0000000095ddf9b8) 
thrown [t:\workspace\open\src\hotspot\share\interpreter\linkResolver.cpp, line 766]
Event: 7.332 Thread 0x0000024c66a06110 Exception <a 'sun/nio/fs/WindowsException'{0x00000000963f37c8}> (0x00000000963f37c8) 
thrown [t:\workspace\open\src\hotspot\share\prims\jni.cpp, line 516]
Event: 7.332 Thread 0x0000024c66a06110 Exception <a 'sun/nio/fs/WindowsException'{0x00000000963f4428}> (0x00000000963f4428) 
thrown [t:\workspace\open\src\hotspot\share\prims\jni.cpp, line 516]
Event: 7.355 Thread 0x0000024c66a06110 Exception <a 'sun/nio/fs/WindowsException'{0x00000000962161f0}> (0x00000000962161f0) 
thrown [t:\workspace\open\src\hotspot\share\prims\jni.cpp, line 516]
Event: 7.480 Thread 0x0000024c66a06110 Exception <a 'java/lang/NoSuchMethodError'{0x0000000095f59e18}: 'void java.lang.invoke.Invokers$Holder.invokeExact_MT(java.lang.Object, java.lang.Object, java.lang.Object, java.lang.Object)'> (0x0000000095f59e18) 
thrown [t:\workspace\open\src\hotspot\share\interpreter\linkResolver.cpp, line 766]

VM Operations (20 events):
Event: 1.016 Executing VM operation: HandshakeAllThreads done
Event: 1.560 Executing VM operation: ICBufferFull
Event: 1.560 Executing VM operation: ICBufferFull done
Event: 1.701 Executing VM operation: G1CollectForAllocation
Event: 1.708 Executing VM operation: G1CollectForAllocation done
Event: 2.709 Executing VM operation: Cleanup
Event: 2.709 Executing VM operation: Cleanup done
Event: 3.709 Executing VM operation: Cleanup
Event: 3.710 Executing VM operation: Cleanup done
Event: 4.710 Executing VM operation: Cleanup
Event: 4.710 Executing VM operation: Cleanup done
Event: 5.711 Executing VM operation: Cleanup
Event: 5.711 Executing VM operation: Cleanup done
Event: 6.711 Executing VM operation: Cleanup
Event: 6.712 Executing VM operation: Cleanup done
Event: 7.392 Executing VM operation: HandshakeAllThreads
Event: 7.392 Executing VM operation: HandshakeAllThreads done
Event: 8.392 Executing VM operation: Cleanup
Event: 8.392 Executing VM operation: Cleanup done
Event: 16.325 Executing VM operation: Exit

Events (20 events):
Event: 0.849 Thread 0x0000024c66545310 Thread exited: 0x0000024c66545310
Event: 0.882 Thread 0x0000024c66a065e0 Thread added: 0x0000024c66a065e0
Event: 0.901 Thread 0x0000024c66a030f0 Thread added: 0x0000024c66a030f0
Event: 1.006 Loaded shared library C:\Users\marin\.openjfx\cache\18-ea+6\javafx_font.dll
Event: 1.037 Loaded shared library C:\Program Files\Java\jdk-18\bin\jimage.dll
Event: 1.046 Thread 0x0000024c6ba54090 Thread added: 0x0000024c6ba54090
Event: 1.051 Thread 0x0000024c66fdd490 Thread added: 0x0000024c66fdd490
Event: 1.208 Thread 0x0000024c66a04900 Thread added: 0x0000024c66a04900
Event: 1.297 Thread 0x0000024c66fdd490 Thread exited: 0x0000024c66fdd490
Event: 1.595 Thread 0x0000024c6bfea760 Thread added: 0x0000024c6bfea760
Event: 1.722 Thread 0x0000024c66a035c0 Thread added: 0x0000024c66a035c0
Event: 1.766 Thread 0x0000024c6bfea760 Thread exited: 0x0000024c6bfea760
Event: 2.363 Thread 0x0000024c6ba54090 Thread exited: 0x0000024c6ba54090
Event: 2.978 Thread 0x0000024c6c211fc0 Thread added: 0x0000024c6c211fc0
Event: 3.139 Thread 0x0000024c6c211fc0 Thread exited: 0x0000024c6c211fc0
Event: 16.321 Thread 0x0000024c66a03f60 Thread added: 0x0000024c66a03f60
Event: 16.323 Thread 0x0000024c66a052a0 Thread added: 0x0000024c66a052a0
Event: 16.324 Thread 0x0000024c66a05770 Thread added: 0x0000024c66a05770
Event: 16.324 Thread 0x0000024c66a05770 Thread exited: 0x0000024c66a05770
Event: 16.325 Thread 0x0000024c66a052a0 Thread exited: 0x0000024c66a052a0


Dynamic libraries:
0x00007ff712730000 - 0x00007ff712740000 	C:\Program Files\Java\jdk-18\bin\java.exe
0x00007fffb1750000 - 0x00007fffb1945000 	C:\WINDOWS\SYSTEM32\ntdll.dll
0x00007fffaf7b0000 - 0x00007fffaf86d000 	C:\WINDOWS\System32\KERNEL32.DLL
0x00007fffaf310000 - 0x00007fffaf5dd000 	C:\WINDOWS\System32\KERNELBASE.dll
0x00007fffaf5e0000 - 0x00007fffaf6e0000 	C:\WINDOWS\System32\ucrtbase.dll
0x00007fffad050000 - 0x00007fffad068000 	C:\Program Files\Java\jdk-18\bin\jli.dll
0x00007fffacff0000 - 0x00007fffad00a000 	C:\Program Files\Java\jdk-18\bin\VCRUNTIME140.dll
0x00007fffb0300000 - 0x00007fffb03ae000 	C:\WINDOWS\System32\ADVAPI32.dll
0x00007fffafef0000 - 0x00007fffaff8e000 	C:\WINDOWS\System32\msvcrt.dll
0x00007fffaf9e0000 - 0x00007fffafa7c000 	C:\WINDOWS\System32\sechost.dll
0x00007fffb01d0000 - 0x00007fffb02f5000 	C:\WINDOWS\System32\RPCRT4.dll
0x00007fffb0030000 - 0x00007fffb01d0000 	C:\WINDOWS\System32\USER32.dll
0x00007fffaef90000 - 0x00007fffaefb2000 	C:\WINDOWS\System32\win32u.dll
0x00007fffae1e0000 - 0x00007fffae47a000 	C:\WINDOWS\WinSxS\amd64_microsoft.windows.common-controls_6595b64144ccf1df_6.0.19041.1110_none_60b5254171f9507e\COMCTL32.dll
0x00007fffaf770000 - 0x00007fffaf79a000 	C:\WINDOWS\System32\GDI32.dll
0x00007fffaf200000 - 0x00007fffaf30b000 	C:\WINDOWS\System32\gdi32full.dll
0x00007fffaf0a0000 - 0x00007fffaf13d000 	C:\WINDOWS\System32\msvcp_win.dll
0x00007fffa3c60000 - 0x00007fffa3c6a000 	C:\WINDOWS\SYSTEM32\VERSION.dll
0x00007fffaf870000 - 0x00007fffaf8a0000 	C:\WINDOWS\System32\IMM32.DLL
0x00007fffae990000 - 0x00007fffae99c000 	C:\Program Files\Java\jdk-18\bin\vcruntime140_1.dll
0x00007fff9d1d0000 - 0x00007fff9d25d000 	C:\Program Files\Java\jdk-18\bin\msvcp140.dll
0x00007fff5f8c0000 - 0x00007fff604d1000 	C:\Program Files\Java\jdk-18\bin\server\jvm.dll
0x00007fffaf7a0000 - 0x00007fffaf7a8000 	C:\WINDOWS\System32\PSAPI.DLL
0x00007fffa6180000 - 0x00007fffa6189000 	C:\WINDOWS\SYSTEM32\WSOCK32.dll
0x00007fffa3c30000 - 0x00007fffa3c57000 	C:\WINDOWS\SYSTEM32\WINMM.dll
0x00007fffaff90000 - 0x00007fffafffb000 	C:\WINDOWS\System32\WS2_32.dll
0x00007fffad070000 - 0x00007fffad082000 	C:\WINDOWS\SYSTEM32\kernel.appcore.dll
0x00007fffabdc0000 - 0x00007fffabdca000 	C:\Program Files\Java\jdk-18\bin\jimage.dll
0x00007fffae760000 - 0x00007fffae944000 	C:\WINDOWS\SYSTEM32\DBGHELP.DLL
0x00007fffae730000 - 0x00007fffae75c000 	C:\WINDOWS\SYSTEM32\dbgcore.DLL
0x00007fffaf6e0000 - 0x00007fffaf762000 	C:\WINDOWS\System32\bcryptPrimitives.dll
0x00007fffabdb0000 - 0x00007fffabdbe000 	C:\Program Files\Java\jdk-18\bin\instrument.dll
0x00007fff9dd70000 - 0x00007fff9dd95000 	C:\Program Files\Java\jdk-18\bin\java.dll
0x00007fff91450000 - 0x00007fff91526000 	C:\Program Files\Java\jdk-18\bin\jsvml.dll
0x00007fffb0920000 - 0x00007fffb1064000 	C:\WINDOWS\System32\SHELL32.dll
0x00007fffabed0000 - 0x00007fffac664000 	C:\WINDOWS\SYSTEM32\windows.storage.dll
0x00007fffb05c0000 - 0x00007fffb0914000 	C:\WINDOWS\System32\combase.dll
0x00007fffae140000 - 0x00007fffae16c000 	C:\WINDOWS\SYSTEM32\Wldp.dll
0x00007fffafe40000 - 0x00007fffafeed000 	C:\WINDOWS\System32\SHCORE.dll
0x00007fffafa80000 - 0x00007fffafad5000 	C:\WINDOWS\System32\shlwapi.dll
0x00007fffaed70000 - 0x00007fffaed8f000 	C:\WINDOWS\SYSTEM32\profapi.dll
0x00007fffa89c0000 - 0x00007fffa89d3000 	C:\Program Files\Java\jdk-18\bin\net.dll
0x00007fffa10c0000 - 0x00007fffa11ca000 	C:\WINDOWS\SYSTEM32\WINHTTP.dll
0x00007fffae010000 - 0x00007fffae07a000 	C:\WINDOWS\system32\mswsock.dll
0x00007fff9f2f0000 - 0x00007fff9f306000 	C:\Program Files\Java\jdk-18\bin\nio.dll
0x00007fff9d0a0000 - 0x00007fff9d0b8000 	C:\Program Files\Java\jdk-18\bin\zip.dll
0x00007fff9c990000 - 0x00007fff9c9aa000 	C:\Program Files\JetBrains\IntelliJ IDEA Community Edition 2021.3.2\bin\breakgen64.dll
0x0000024c62230000 - 0x0000024c62233000 	C:\Users\marin\.openjfx\cache\18-ea+6\api-ms-win-core-console-l1-1-0.dll
0x0000024c62240000 - 0x0000024c62243000 	C:\Users\marin\.openjfx\cache\18-ea+6\api-ms-win-core-console-l1-2-0.dll
0x0000024c62250000 - 0x0000024c62253000 	C:\Users\marin\.openjfx\cache\18-ea+6\api-ms-win-core-datetime-l1-1-0.dll
0x0000024c62260000 - 0x0000024c62263000 	C:\Users\marin\.openjfx\cache\18-ea+6\api-ms-win-core-debug-l1-1-0.dll
0x0000024c62270000 - 0x0000024c62273000 	C:\Users\marin\.openjfx\cache\18-ea+6\api-ms-win-core-errorhandling-l1-1-0.dll
0x0000024c62280000 - 0x0000024c62284000 	C:\Users\marin\.openjfx\cache\18-ea+6\api-ms-win-core-file-l1-1-0.dll
0x0000024c62290000 - 0x0000024c62293000 	C:\Users\marin\.openjfx\cache\18-ea+6\api-ms-win-core-file-l1-2-0.dll
0x0000024c622a0000 - 0x0000024c622a3000 	C:\Users\marin\.openjfx\cache\18-ea+6\api-ms-win-core-file-l2-1-0.dll
0x0000024c622b0000 - 0x0000024c622b3000 	C:\Users\marin\.openjfx\cache\18-ea+6\api-ms-win-core-handle-l1-1-0.dll
0x0000024c622c0000 - 0x0000024c622c3000 	C:\Users\marin\.openjfx\cache\18-ea+6\api-ms-win-core-heap-l1-1-0.dll
0x0000024c622d0000 - 0x0000024c622d3000 	C:\Users\marin\.openjfx\cache\18-ea+6\api-ms-win-core-interlocked-l1-1-0.dll
0x0000024c622e0000 - 0x0000024c622e3000 	C:\Users\marin\.openjfx\cache\18-ea+6\api-ms-win-core-libraryloader-l1-1-0.dll
0x0000024c622f0000 - 0x0000024c622f3000 	C:\Users\marin\.openjfx\cache\18-ea+6\api-ms-win-core-localization-l1-2-0.dll
0x0000024c62300000 - 0x0000024c62303000 	C:\Users\marin\.openjfx\cache\18-ea+6\api-ms-win-core-memory-l1-1-0.dll
0x0000024c62310000 - 0x0000024c62313000 	C:\Users\marin\.openjfx\cache\18-ea+6\api-ms-win-core-namedpipe-l1-1-0.dll
0x0000024c62320000 - 0x0000024c62323000 	C:\Users\marin\.openjfx\cache\18-ea+6\api-ms-win-core-processenvironment-l1-1-0.dll
0x0000024c62330000 - 0x0000024c62333000 	C:\Users\marin\.openjfx\cache\18-ea+6\api-ms-win-core-processthreads-l1-1-0.dll
0x0000024c62340000 - 0x0000024c62343000 	C:\Users\marin\.openjfx\cache\18-ea+6\api-ms-win-core-processthreads-l1-1-1.dll
0x0000024c62350000 - 0x0000024c62353000 	C:\Users\marin\.openjfx\cache\18-ea+6\api-ms-win-core-profile-l1-1-0.dll
0x0000024c62360000 - 0x0000024c62363000 	C:\Users\marin\.openjfx\cache\18-ea+6\api-ms-win-core-rtlsupport-l1-1-0.dll
0x0000024c62370000 - 0x0000024c62373000 	C:\Users\marin\.openjfx\cache\18-ea+6\api-ms-win-core-string-l1-1-0.dll
0x0000024c62380000 - 0x0000024c62383000 	C:\Users\marin\.openjfx\cache\18-ea+6\api-ms-win-core-synch-l1-1-0.dll
0x0000024c62390000 - 0x0000024c62393000 	C:\Users\marin\.openjfx\cache\18-ea+6\api-ms-win-core-synch-l1-2-0.dll
0x0000024c623a0000 - 0x0000024c623a3000 	C:\Users\marin\.openjfx\cache\18-ea+6\api-ms-win-core-sysinfo-l1-1-0.dll
0x0000024c623b0000 - 0x0000024c623b3000 	C:\Users\marin\.openjfx\cache\18-ea+6\api-ms-win-core-timezone-l1-1-0.dll
0x0000024c623c0000 - 0x0000024c623c3000 	C:\Users\marin\.openjfx\cache\18-ea+6\api-ms-win-core-util-l1-1-0.dll
0x0000024c623d0000 - 0x0000024c623d3000 	C:\Users\marin\.openjfx\cache\18-ea+6\api-ms-win-crt-conio-l1-1-0.dll
0x0000024c623e0000 - 0x0000024c623e4000 	C:\Users\marin\.openjfx\cache\18-ea+6\api-ms-win-crt-convert-l1-1-0.dll
0x0000024c623f0000 - 0x0000024c623f3000 	C:\Users\marin\.openjfx\cache\18-ea+6\api-ms-win-crt-environment-l1-1-0.dll
0x0000024c67000000 - 0x0000024c67003000 	C:\Users\marin\.openjfx\cache\18-ea+6\api-ms-win-crt-filesystem-l1-1-0.dll
0x0000024c67010000 - 0x0000024c67013000 	C:\Users\marin\.openjfx\cache\18-ea+6\api-ms-win-crt-heap-l1-1-0.dll
0x0000024c67020000 - 0x0000024c67023000 	C:\Users\marin\.openjfx\cache\18-ea+6\api-ms-win-crt-locale-l1-1-0.dll
0x0000024c67030000 - 0x0000024c67035000 	C:\Users\marin\.openjfx\cache\18-ea+6\api-ms-win-crt-math-l1-1-0.dll
0x0000024c67040000 - 0x0000024c67045000 	C:\Users\marin\.openjfx\cache\18-ea+6\api-ms-win-crt-multibyte-l1-1-0.dll
0x0000024c67050000 - 0x0000024c67060000 	C:\Users\marin\.openjfx\cache\18-ea+6\api-ms-win-crt-private-l1-1-0.dll
0x0000024c67060000 - 0x0000024c67063000 	C:\Users\marin\.openjfx\cache\18-ea+6\api-ms-win-crt-process-l1-1-0.dll
0x0000024c67070000 - 0x0000024c67074000 	C:\Users\marin\.openjfx\cache\18-ea+6\api-ms-win-crt-runtime-l1-1-0.dll
0x0000024c67080000 - 0x0000024c67084000 	C:\Users\marin\.openjfx\cache\18-ea+6\api-ms-win-crt-stdio-l1-1-0.dll
0x0000024c67090000 - 0x0000024c67094000 	C:\Users\marin\.openjfx\cache\18-ea+6\api-ms-win-crt-string-l1-1-0.dll
0x0000024c670a0000 - 0x0000024c670a3000 	C:\Users\marin\.openjfx\cache\18-ea+6\api-ms-win-crt-time-l1-1-0.dll
0x0000024c670b0000 - 0x0000024c670b3000 	C:\Users\marin\.openjfx\cache\18-ea+6\api-ms-win-crt-utility-l1-1-0.dll
0x00007fff7a7c0000 - 0x00007fff7a8bc000 	C:\Users\marin\.openjfx\cache\18-ea+6\ucrtbase.dll
0x00007fff9be90000 - 0x00007fff9beaa000 	C:\Users\marin\.openjfx\cache\18-ea+6\vcruntime140.dll
0x00007fff9e7a0000 - 0x00007fff9e7ac000 	C:\Users\marin\.openjfx\cache\18-ea+6\vcruntime140_1.dll
0x00007fff8fe30000 - 0x00007fff8febd000 	C:\Users\marin\.openjfx\cache\18-ea+6\msvcp140.dll
0x00007fff97420000 - 0x00007fff9744a000 	C:\Users\marin\.openjfx\cache\18-ea+6\prism_d3d.dll
0x00007fff6a5b0000 - 0x00007fff6a77f000 	C:\WINDOWS\system32\d3d9.dll
0x00007fffab920000 - 0x00007fffab94f000 	C:\WINDOWS\SYSTEM32\dwmapi.dll
0x00007fffab710000 - 0x00007fffab7ae000 	C:\WINDOWS\system32\uxtheme.dll
0x00007fffa3c70000 - 0x00007fffa3e4d000 	C:\WINDOWS\System32\DriverStore\FileRepository\u0354681.inf_amd64_88c30b168e859074\B354291\aticfx64.dll
0x00007fff80b20000 - 0x00007fff80b50000 	C:\WINDOWS\System32\DriverStore\FileRepository\u0354681.inf_amd64_88c30b168e859074\B354291\atiu9p64.dll
0x00007fff698e0000 - 0x00007fff6a5ab000 	C:\WINDOWS\System32\DriverStore\FileRepository\u0354681.inf_amd64_88c30b168e859074\B354291\atiumd64.dll
0x00007fffafae0000 - 0x00007fffafc0a000 	C:\WINDOWS\System32\ole32.dll
0x0000000050a20000 - 0x00000000517a3000 	C:\WINDOWS\System32\DriverStore\FileRepository\u0354681.inf_amd64_88c30b168e859074\B354291\atiumd6a.dll
0x00007fffaeca0000 - 0x00007fffaeceb000 	C:\WINDOWS\SYSTEM32\POWRPROF.dll
0x00007fffaec80000 - 0x00007fffaec92000 	C:\WINDOWS\SYSTEM32\UMPDC.dll
0x00007fff8fd30000 - 0x00007fff8fd72000 	C:\Users\marin\.openjfx\cache\18-ea+6\glass.dll
0x00007fffb03b0000 - 0x00007fffb048b000 	C:\WINDOWS\System32\COMDLG32.dll
0x00007fffb1070000 - 0x00007fffb113d000 	C:\WINDOWS\System32\OLEAUT32.dll
0x00007fffb15c0000 - 0x00007fffb16d5000 	C:\WINDOWS\System32\MSCTF.dll
0x00007fffa3e50000 - 0x00007fffa3e8b000 	C:\WINDOWS\SYSTEM32\dxcore.dll
0x00007fffaf1b0000 - 0x00007fffaf1fe000 	C:\WINDOWS\System32\cfgmgr32.dll
0x00007fff9b780000 - 0x00007fff9b794000 	C:\Users\marin\.openjfx\cache\18-ea+6\javafx_font.dll
0x00007fffa65d0000 - 0x00007fffa684f000 	C:\WINDOWS\SYSTEM32\dwrite.dll
0x00007fffaf8a0000 - 0x00007fffaf949000 	C:\WINDOWS\System32\clbcatq.dll
0x00007fffa6e30000 - 0x00007fffa6fe4000 	C:\WINDOWS\SYSTEM32\WindowsCodecs.dll
0x00007fffaf070000 - 0x00007fffaf097000 	C:\WINDOWS\System32\bcrypt.dll
0x00007fff9cdf0000 - 0x00007fff9ce2e000 	C:\WINDOWS\system32\dataexchange.dll
0x00007fffaa220000 - 0x00007fffaa484000 	C:\WINDOWS\system32\d3d11.dll
0x00007fffaaa50000 - 0x00007fffaac35000 	C:\WINDOWS\system32\dcomp.dll
0x00007fffad0e0000 - 0x00007fffad1d3000 	C:\WINDOWS\system32\dxgi.dll
0x00007fffa7160000 - 0x00007fffa7361000 	C:\WINDOWS\system32\twinapi.appcore.dll
0x00007fff91580000 - 0x00007fff915b4000 	C:\Program Files\Common Files\Microsoft Shared\Ink\rtscom.dll
0x00007fffacb40000 - 0x00007fffacc39000 	C:\WINDOWS\SYSTEM32\textinputframework.dll
0x00007fffaac40000 - 0x00007fffaaf9e000 	C:\WINDOWS\System32\CoreUIComponents.dll
0x00007fffab320000 - 0x00007fffab412000 	C:\WINDOWS\System32\CoreMessaging.dll
0x00007fffae9d0000 - 0x00007fffaea03000 	C:\WINDOWS\SYSTEM32\ntmarta.dll
0x00007fffa9c60000 - 0x00007fffa9db4000 	C:\WINDOWS\SYSTEM32\wintypes.dll
0x00007fffaa490000 - 0x00007fffaaa50000 	C:\WINDOWS\SYSTEM32\d2d1.dll
0x00007fffa47b0000 - 0x00007fffa4ea6000 	C:\WINDOWS\SYSTEM32\D3D10Warp.dll
0x00007fffadbd0000 - 0x00007fffadc9b000 	C:\WINDOWS\SYSTEM32\DNSAPI.dll

dbghelp: loaded successfully - version: 4.0.5 - missing functions: none
symbol engine: initialized successfully - sym options: 0x614 - pdb path: .;C:\Program Files\Java\jdk-18\bin;C:\WINDOWS\SYSTEM32;C:\WINDOWS\WinSxS\amd64_microsoft.windows.common-controls_6595b64144ccf1df_6.0.19041.1110_none_60b5254171f9507e;C:\Program Files\Java\jdk-18\bin\server;C:\Program Files\JetBrains\IntelliJ IDEA Community Edition 2021.3.2\bin;C:\Users\marin\.openjfx\cache\18-ea+6;C:\WINDOWS\System32\DriverStore\FileRepository\u0354681.inf_amd64_88c30b168e859074\B354291;C:\Program Files\Common Files\Microsoft Shared\Ink

VM Arguments:
jvm_args: -javaagent:C:\Program Files\JetBrains\IntelliJ IDEA Community Edition 2021.3.2\lib\idea_rt.jar=51545:C:\Program Files\JetBrains\IntelliJ IDEA Community Edition 2021.3.2\bin -Dfile.encoding=UTF-8 --module-path=C:\Users\marin\.m2\repository\org\openjfx\javafx-controls\18-ea+6\javafx-controls-18-ea+6-win.jar;D:\lab\lab5\Phone\target\classes;C:\Users\marin\.m2\repository\org\kordamp\bootstrapfx\bootstrapfx-core\0.4.0\bootstrapfx-core-0.4.0.jar;C:\Users\marin\.m2\repository\net\synedra\validatorfx\0.1.13\validatorfx-0.1.13.jar;C:\Users\marin\.m2\repository\com\dlsc\formsfx\formsfx-core\11.3.2\formsfx-core-11.3.2.jar;C:\Users\marin\.m2\repository\com\google\code\gson\gson\2.9.0\gson-2.9.0.jar;C:\Users\marin\.m2\repository\org\openjfx\javafx-web\18-ea+6\javafx-web-18-ea+6-win.jar;C:\Users\marin\.m2\repository\org\controlsfx\controlsfx\11.1.0\controlsfx-11.1.0.jar;C:\Users\marin\.m2\repository\org\openjfx\javafx-fxml\18-ea+6\javafx-fxml-18-ea+6-win.jar;C:\Users\marin\.m2\repository\org\kordamp\ikonli\ikonli-core\12.2.0\ikonli-core-12.2.0.jar;C:\Users\marin\.m2\repository\org\openjfx\javafx-graphics\18-ea+6\javafx-graphics-18-ea+6-win.jar;C:\Users\marin\.m2\repository\org\openjfx\javafx-base\18-ea+6\javafx-base-18-ea+6-win.jar;C:\Users\marin\.m2\repository\org\kordamp\ikonli\ikonli-javafx\12.2.0\ikonli-javafx-12.2.0.jar;C:\Users\marin\.m2\repository\eu\hansolo\tilesfx\11.48\tilesfx-11.48.jar;C:\Users\marin\.m2\repository\org\openjfx\javafx-media\18-ea+6\javafx-media-18-ea+6-win.jar;D:\lab\lab5\ClientJavaFx\target\classes -Djdk.module.main=lab5.demchuk.client.clientjavafx 
java_command: lab5.demchuk.client.clientjavafx/lab5.demchuk.client.clientjavafx.clientveb.ClientView
java_class_path (initial): C:\Users\marin\.m2\repository\com\googlecode\json-simple\json-simple\1.1.1\json-simple-1.1.1.jar;C:\Users\marin\.m2\repository\junit\junit\4.10\junit-4.10.jar;C:\Users\marin\.m2\repository\org\hamcrest\hamcrest-core\1.1\hamcrest-core-1.1.jar;C:\Users\marin\.m2\repository\org\openjfx\javafx-controls\18-ea+6\javafx-controls-18-ea+6.jar;C:\Users\marin\.m2\repository\org\openjfx\javafx-graphics\18-ea+6\javafx-graphics-18-ea+6.jar;C:\Users\marin\.m2\repository\org\openjfx\javafx-base\18-ea+6\javafx-base-18-ea+6.jar;C:\Users\marin\.m2\repository\org\openjfx\javafx-fxml\18-ea+6\javafx-fxml-18-ea+6.jar;C:\Users\marin\.m2\repository\org\openjfx\javafx-web\18-ea+6\javafx-web-18-ea+6.jar;C:\Users\marin\.m2\repository\org\openjfx\javafx-media\18-ea+6\javafx-media-18-ea+6.jar;C:\Users\marin\.m2\repository\org\json\json\20220320\json-20220320.jar
Launcher Type: SUN_STANDARD

[Global flags]
     intx CICompilerCount                          = 4                                         {product} {ergonomic}
     uint ConcGCThreads                            = 2                                         {product} {ergonomic}
     uint G1ConcRefinementThreads                  = 8                                         {product} {ergonomic}
   size_t G1HeapRegionSize                         = 1048576                                   {product} {ergonomic}
    uintx GCDrainStackTargetSize                   = 64                                        {product} {ergonomic}
   size_t InitialHeapSize                          = 117440512                                 {product} {ergonomic}
   size_t MarkStackSize                            = 4194304                                   {product} {ergonomic}
   size_t MaxHeapSize                              = 1862270976                                {product} {ergonomic}
   size_t MaxNewSize                               = 1116733440                                {product} {ergonomic}
   size_t MinHeapDeltaBytes                        = 1048576                                   {product} {ergonomic}
   size_t MinHeapSize                              = 8388608                                   {product} {ergonomic}
    uintx NonNMethodCodeHeapSize                   = 5839372                                {pd product} {ergonomic}
    uintx NonProfiledCodeHeapSize                  = 122909434                              {pd product} {ergonomic}
    uintx ProfiledCodeHeapSize                     = 122909434                              {pd product} {ergonomic}
    uintx ReservedCodeCacheSize                    = 251658240                              {pd product} {ergonomic}
     bool SegmentedCodeCache                       = true                                      {product} {ergonomic}
   size_t SoftMaxHeapSize                          = 1862270976                             {manageable} {ergonomic}
     bool UseCompressedClassPointers               = true                           {product lp64_product} {ergonomic}
     bool UseCompressedOops                        = true                           {product lp64_product} {ergonomic}
     bool UseG1GC                                  = true                                      {product} {ergonomic}
     bool UseLargePagesIndividualAllocation        = false                                  {pd product} {ergonomic}

Logging:
Log output configuration:
 #0: stdout all=off uptime,level,tags foldmultilines=false
 #1: stderr all=off uptime,level,tags foldmultilines=false

Environment Variables:
JAVA_HOME=C:\Program Files\Java\jdk1.8.0_321
PATH=C:\Program Files\Common Files\Oracle\Java\javapath;C:\Program Files (x86)\Common Files\Oracle\Java\javapath;C:\WINDOWS\system32;C:\WINDOWS;C:\WINDOWS\System32\Wbem;C:\WINDOWS\System32\WindowsPowerShell\v1.0\;C:\WINDOWS\System32\OpenSSH\;C:\Program Files\PuTTY\;C:\Program Files\Git\cmd;C:\Program Files\Java\jdk1.8.0_321\bin;C:\Users\marin\AppData\Local\Microsoft\WindowsApps;;C:\Program Files\JetBrains\IntelliJ IDEA Community Edition 2021.3.2\bin;
USERNAME=marin
OS=Windows_NT
PROCESSOR_IDENTIFIER=AMD64 Family 23 Model 24 Stepping 1, AuthenticAMD



---------------  S Y S T E M  ---------------

OS:
 Windows 10 , 64 bit Build 19041 (10.0.19041.1706)
OS uptime: 8 days 9:45 hours

CPU: total 8 (initial active 8) (8 cores per cpu, 2 threads per core) family 23 model 24 stepping 1 microcode 0x0, cx8, cmov, fxsr, ht, mmx, 3dnowpref, sse, sse2, sse3, ssse3, sse4a, sse4.1, sse4.2, popcnt, lzcnt, tsc, tscinvbit, avx, avx2, aes, clmul, bmi1, bmi2, adx, sha, fma, vzeroupper, clflush, clflushopt

Memory: 4k page, system-wide physical 7103M (1496M free)
TotalPageFile size 13408M (AvailPageFile size 4142M)
current process WorkingSet (physical memory assigned to process): 140M, peak: 149M
current process commit charge ("private bytes"): 282M, peak: 291M

vm_info: Java HotSpot(TM) 64-Bit Server VM (18+36-2087) for windows-amd64 JRE (18+36-2087), built on Feb 15 2022 09:43:11 by "mach5one" with MS VC++ 16.8 / 16.9 (VS2019)

END.
